mode: set
github.com/meganewsopensource/messagebroker/mockChannel.go:17.145,18.30 1 1
github.com/meganewsopensource/messagebroker/mockChannel.go:18.30,20.3 1 1
github.com/meganewsopensource/messagebroker/mockChannel.go:22.2,24.34 2 1
github.com/meganewsopensource/messagebroker/mockChannel.go:24.34,29.3 2 1
github.com/meganewsopensource/messagebroker/mockChannel.go:31.2,31.24 1 1
github.com/meganewsopensource/messagebroker/mockChannel.go:34.140,35.28 1 1
github.com/meganewsopensource/messagebroker/mockChannel.go:35.28,37.3 1 1
github.com/meganewsopensource/messagebroker/mockChannel.go:38.2,39.12 2 1
github.com/meganewsopensource/messagebroker/receiver.go:16.68,21.2 1 1
github.com/meganewsopensource/messagebroker/receiver.go:23.59,33.16 2 1
github.com/meganewsopensource/messagebroker/receiver.go:33.16,35.3 1 1
github.com/meganewsopensource/messagebroker/receiver.go:36.2,36.22 1 1
github.com/meganewsopensource/messagebroker/sender.go:20.85,26.2 1 1
github.com/meganewsopensource/messagebroker/sender.go:28.44,41.2 4 1
github.com/meganewsopensource/messagebroker/brokerChannel.go:1.1,1.2 1 1
github.com/meganewsopensource/messagebroker/messageBroker.go:1.1,1.2 1 1
